{"target": 8.91, "params": {"alpha": 0.15, "eps": 0.85, "eps_decay": 0.6}, "datetime": {"datetime": "2020-08-18 10:54:23", "elapsed": 0.0, "delta": 0.0}}
{"target": 8.71, "params": {"alpha": 0.11134884718936496, "eps": 0.9872415472182283, "eps_decay": 0.7914938534004425}, "datetime": {"datetime": "2020-08-18 10:55:00", "elapsed": 36.850589, "delta": 36.850589}}
{"target": 8.76, "params": {"alpha": 0.13514678058927015, "eps": 0.8538025691295406, "eps_decay": 0.8198418406640215}, "datetime": {"datetime": "2020-08-18 10:55:28", "elapsed": 65.094273, "delta": 28.243684}}
{"target": 8.73, "params": {"alpha": 0.16455618545082926, "eps": 0.7072998035940832, "eps_decay": 0.7824124045092037}, "datetime": {"datetime": "2020-08-18 10:55:56", "elapsed": 92.336118, "delta": 27.241845}}
{"target": 8.77, "params": {"alpha": 0.1246649381774642, "eps": 0.6279962156489811, "eps_decay": 0.5096045416581444}, "datetime": {"datetime": "2020-08-18 10:56:24", "elapsed": 120.548571, "delta": 28.212453}}
{"target": 8.82, "params": {"alpha": 0.10987259548488106, "eps": 0.6502182176806441, "eps_decay": 0.7563422711241703}, "datetime": {"datetime": "2020-08-18 10:56:51", "elapsed": 147.500277, "delta": 26.951706}}
{"target": 8.78, "params": {"alpha": 0.1322207948069479, "eps": 0.5927470690379453, "eps_decay": 0.8668774196150059}, "datetime": {"datetime": "2020-08-18 10:57:17", "elapsed": 173.21551, "delta": 25.715233}}
{"target": 8.83, "params": {"alpha": 0.12709208033747701, "eps": 0.6367739457987344, "eps_decay": 0.8817650729594171}, "datetime": {"datetime": "2020-08-18 10:57:42", "elapsed": 199.059987, "delta": 25.844477}}
{"target": 8.97, "params": {"alpha": 0.11271145710590635, "eps": 0.8736324249396856, "eps_decay": 0.5020951822795611}, "datetime": {"datetime": "2020-08-18 10:58:09", "elapsed": 225.642615, "delta": 26.582628}}
{"target": 8.87, "params": {"alpha": 0.18567906078643653, "eps": 0.8479781006608489, "eps_decay": 0.7212102816938195}, "datetime": {"datetime": "2020-08-18 10:58:34", "elapsed": 250.162394, "delta": 24.519779}}
{"target": 8.78, "params": {"alpha": 0.19352357974497159, "eps": 0.7563117648717737, "eps_decay": 0.5710448262383161}, "datetime": {"datetime": "2020-08-18 10:58:57", "elapsed": 273.4857, "delta": 23.323306}}
{"target": 8.72, "params": {"alpha": 0.11300673228483733, "eps": 0.9094643005036607, "eps_decay": 0.5479310850378132}, "datetime": {"datetime": "2020-08-18 10:59:23", "elapsed": 299.486474, "delta": 26.000774}}
{"target": 8.9, "params": {"alpha": 0.17622112153184344, "eps": 0.9441470073201452, "eps_decay": 0.8541899355263278}, "datetime": {"datetime": "2020-08-18 10:59:47", "elapsed": 323.893398, "delta": 24.406924}}
{"target": 8.77, "params": {"alpha": 0.13205785512147117, "eps": 0.9270553753584843, "eps_decay": 0.6773706822274714}, "datetime": {"datetime": "2020-08-18 11:00:12", "elapsed": 348.338126, "delta": 24.444728}}
{"target": 8.83, "params": {"alpha": 0.1980678120519977, "eps": 0.7684141215357165, "eps_decay": 0.8301586814186324}, "datetime": {"datetime": "2020-08-18 11:00:35", "elapsed": 371.608403, "delta": 23.270277}}
{"target": 8.95, "params": {"alpha": 0.1941278139291923, "eps": 0.8044326694437043, "eps_decay": 0.8968939686719021}, "datetime": {"datetime": "2020-08-18 11:00:58", "elapsed": 394.587506, "delta": 22.979103}}
{"target": 8.83, "params": {"alpha": 0.192269744636718, "eps": 0.9300498330161986, "eps_decay": 0.5208719196258697}, "datetime": {"datetime": "2020-08-18 11:01:21", "elapsed": 417.616661, "delta": 23.029155}}
{"target": 8.71, "params": {"alpha": 0.1895949512703214, "eps": 0.5451984608123892, "eps_decay": 0.84191426842449}, "datetime": {"datetime": "2020-08-18 11:01:44", "elapsed": 440.941064, "delta": 23.324403}}
{"target": 8.77, "params": {"alpha": 0.1847426291902075, "eps": 0.9719836020569381, "eps_decay": 0.555992972693941}, "datetime": {"datetime": "2020-08-18 11:02:07", "elapsed": 464.016055, "delta": 23.074991}}
{"target": 8.73, "params": {"alpha": 0.1133382109348198, "eps": 0.9042981065456552, "eps_decay": 0.7213297051225998}, "datetime": {"datetime": "2020-08-18 11:02:32", "elapsed": 488.760447, "delta": 24.744392}}
{"target": 8.8, "params": {"alpha": 0.12749192446753294, "eps": 0.7015112042019973, "eps_decay": 0.5429983802574775}, "datetime": {"datetime": "2020-08-18 11:02:57", "elapsed": 513.593897, "delta": 24.83345}}
{"target": 8.88, "params": {"alpha": 0.18538264933095155, "eps": 0.5281756310361461, "eps_decay": 0.5647352804074934}, "datetime": {"datetime": "2020-08-18 11:03:21", "elapsed": 537.366889, "delta": 23.772992}}
{"target": 8.84, "params": {"alpha": 0.1502432935137179, "eps": 0.6833550020338061, "eps_decay": 0.8259479029524827}, "datetime": {"datetime": "2020-08-18 11:03:45", "elapsed": 561.514489, "delta": 24.1476}}
{"target": 8.92, "params": {"alpha": 0.15969908190362753, "eps": 0.6666523537256372, "eps_decay": 0.8547609539391401}, "datetime": {"datetime": "2020-08-18 11:04:09", "elapsed": 585.116212, "delta": 23.601723}}
{"target": 8.69, "params": {"alpha": 0.10112441008473143, "eps": 0.8656466916599721, "eps_decay": 0.5015803415258528}, "datetime": {"datetime": "2020-08-18 11:04:34", "elapsed": 610.469694, "delta": 25.353482}}
{"target": 8.88, "params": {"alpha": 0.1235249288041917, "eps": 0.5241625299586399, "eps_decay": 0.7027473195914028}, "datetime": {"datetime": "2020-08-18 11:04:58", "elapsed": 634.739777, "delta": 24.270083}}
{"target": 8.64, "params": {"alpha": 0.11756570188142035, "eps": 0.6155078704690232, "eps_decay": 0.6397510332442695}, "datetime": {"datetime": "2020-08-18 11:05:23", "elapsed": 659.39403, "delta": 24.654253}}
{"target": 8.9, "params": {"alpha": 0.18093777424981983, "eps": 0.6595378583099658, "eps_decay": 0.7143441721768844}, "datetime": {"datetime": "2020-08-18 11:05:46", "elapsed": 682.323964, "delta": 22.929934}}
{"target": 8.84, "params": {"alpha": 0.14535456067454217, "eps": 0.8374934571513841, "eps_decay": 0.7047867876899676}, "datetime": {"datetime": "2020-08-18 11:06:09", "elapsed": 705.992795, "delta": 23.668831}}
{"target": 8.77, "params": {"alpha": 0.1675553520400516, "eps": 0.6876257764404385, "eps_decay": 0.5676900558584641}, "datetime": {"datetime": "2020-08-18 11:06:33", "elapsed": 729.396552, "delta": 23.403757}}
{"target": 8.79, "params": {"alpha": 0.1425767805111104, "eps": 0.6340833047182616, "eps_decay": 0.6396829519757982}, "datetime": {"datetime": "2020-08-18 11:06:58", "elapsed": 754.216535, "delta": 24.819983}}
{"target": 8.78, "params": {"alpha": 0.19068606368291566, "eps": 0.9594053809215255, "eps_decay": 0.8317512840533317}, "datetime": {"datetime": "2020-08-18 11:07:21", "elapsed": 777.675542, "delta": 23.459007}}
{"target": 8.8, "params": {"alpha": 0.12708965098186914, "eps": 0.6483804720313959, "eps_decay": 0.80557204018054}, "datetime": {"datetime": "2020-08-18 11:07:46", "elapsed": 802.141859, "delta": 24.466317}}
{"target": 8.76, "params": {"alpha": 0.1659456730026489, "eps": 0.8596861695140888, "eps_decay": 0.6478297504211754}, "datetime": {"datetime": "2020-08-18 11:08:09", "elapsed": 825.468866, "delta": 23.327007}}
{"target": 8.83, "params": {"alpha": 0.1124424142405821, "eps": 0.7669706785480113, "eps_decay": 0.6439070403880357}, "datetime": {"datetime": "2020-08-18 11:08:33", "elapsed": 850.102323, "delta": 24.633457}}
{"target": 8.7, "params": {"alpha": 0.15598411384107502, "eps": 0.692631023715095, "eps_decay": 0.8541821387912274}, "datetime": {"datetime": "2020-08-18 11:08:57", "elapsed": 873.617122, "delta": 23.514799}}
{"target": 8.78, "params": {"alpha": 0.19800796065246606, "eps": 0.9136314785820823, "eps_decay": 0.7574832783380482}, "datetime": {"datetime": "2020-08-18 11:09:20", "elapsed": 896.430433, "delta": 22.813311}}
{"target": 8.85, "params": {"alpha": 0.15861296188882237, "eps": 0.6390263029854393, "eps_decay": 0.7457398945471121}, "datetime": {"datetime": "2020-08-18 11:09:43", "elapsed": 919.914926, "delta": 23.484493}}
{"target": 8.96, "params": {"alpha": 0.1686549789955837, "eps": 0.8307157693996894, "eps_decay": 0.8347020458227429}, "datetime": {"datetime": "2020-08-18 11:10:07", "elapsed": 943.384123, "delta": 23.469197}}
{"target": 8.97, "params": {"alpha": 0.10816610827053126, "eps": 0.7717726725815415, "eps_decay": 0.8499737291789955}, "datetime": {"datetime": "2020-08-18 11:10:31", "elapsed": 968.061494, "delta": 24.677371}}
{"target": 8.68, "params": {"alpha": 0.10957010485171365, "eps": 0.5072054261517243, "eps_decay": 0.6900378024565381}, "datetime": {"datetime": "2020-08-18 11:10:56", "elapsed": 992.954929, "delta": 24.893435}}
{"target": 8.76, "params": {"alpha": 0.17403334989553065, "eps": 0.9837959466631931, "eps_decay": 0.622655864304411}, "datetime": {"datetime": "2020-08-18 11:11:22", "elapsed": 1018.142156, "delta": 25.187227}}
{"target": 8.74, "params": {"alpha": 0.19791713773602665, "eps": 0.5610688983242231, "eps_decay": 0.7935721118856702}, "datetime": {"datetime": "2020-08-18 11:11:46", "elapsed": 1042.491117, "delta": 24.348961}}
{"target": 8.84, "params": {"alpha": 0.14696573591840756, "eps": 0.7295376559398377, "eps_decay": 0.7116418368766823}, "datetime": {"datetime": "2020-08-18 11:12:11", "elapsed": 1067.758385, "delta": 25.267268}}
{"target": 8.67, "params": {"alpha": 0.12226063482338784, "eps": 0.9078647941114714, "eps_decay": 0.694065545291075}, "datetime": {"datetime": "2020-08-18 11:12:45", "elapsed": 1101.638143, "delta": 33.879758}}
{"target": 8.92, "params": {"alpha": 0.14165363120896052, "eps": 0.6295868909199613, "eps_decay": 0.7544874454630505}, "datetime": {"datetime": "2020-08-18 11:13:15", "elapsed": 1131.220509, "delta": 29.582366}}
{"target": 8.83, "params": {"alpha": 0.1685823927023342, "eps": 0.5076490296276743, "eps_decay": 0.8946365336294855}, "datetime": {"datetime": "2020-08-18 11:13:40", "elapsed": 1156.241463, "delta": 25.020954}}
{"target": 8.75, "params": {"alpha": 0.16889389928332915, "eps": 0.7617532934782196, "eps_decay": 0.6681927254446852}, "datetime": {"datetime": "2020-08-18 11:14:11", "elapsed": 1187.42628, "delta": 31.184817}}
{"target": 8.75, "params": {"alpha": 0.14306040403570588, "eps": 0.6826858734982333, "eps_decay": 0.6301480501650079}, "datetime": {"datetime": "2020-08-18 11:14:40", "elapsed": 1217.056464, "delta": 29.630184}}
{"target": 8.9, "params": {"alpha": 0.14910578686519035, "eps": 0.7196013836379707, "eps_decay": 0.8184814548769666}, "datetime": {"datetime": "2020-08-18 11:15:12", "elapsed": 1248.974722, "delta": 31.918258}}
{"target": 8.83, "params": {"alpha": 0.11683740742529926, "eps": 0.8310188143517881, "eps_decay": 0.6730394360827417}, "datetime": {"datetime": "2020-08-18 11:15:38", "elapsed": 1274.538933, "delta": 25.564211}}
{"target": 8.8, "params": {"alpha": 0.12888076907222534, "eps": 0.6020768449598821, "eps_decay": 0.5572627254230229}, "datetime": {"datetime": "2020-08-18 11:16:03", "elapsed": 1299.318533, "delta": 24.7796}}
{"target": 8.69, "params": {"alpha": 0.1260418182296189, "eps": 0.9008161895652254, "eps_decay": 0.6830551169372023}, "datetime": {"datetime": "2020-08-18 11:16:27", "elapsed": 1323.971471, "delta": 24.652938}}
{"target": 8.8, "params": {"alpha": 0.14008156687892684, "eps": 0.6241934586684469, "eps_decay": 0.58763870659416}, "datetime": {"datetime": "2020-08-18 11:16:52", "elapsed": 1348.493518, "delta": 24.522047}}
{"target": 8.79, "params": {"alpha": 0.1251688982107488, "eps": 0.5236637032297972, "eps_decay": 0.7015350892414972}, "datetime": {"datetime": "2020-08-18 11:17:16", "elapsed": 1373.062887, "delta": 24.569369}}
{"target": 8.77, "params": {"alpha": 0.18001461648889572, "eps": 0.6984226827508389, "eps_decay": 0.6514232873500553}, "datetime": {"datetime": "2020-08-18 11:17:40", "elapsed": 1396.558536, "delta": 23.495649}}
{"target": 8.88, "params": {"alpha": 0.10209828772655416, "eps": 0.8992258642847943, "eps_decay": 0.7046717140560803}, "datetime": {"datetime": "2020-08-18 11:18:06", "elapsed": 1422.16769, "delta": 25.609154}}
{"target": 8.87, "params": {"alpha": 0.13262888742035386, "eps": 0.9885870051995862, "eps_decay": 0.5651428102377781}, "datetime": {"datetime": "2020-08-18 11:18:30", "elapsed": 1446.542047, "delta": 24.374357}}
{"target": 9.05, "params": {"alpha": 0.1822475094232236, "eps": 0.591688874735735, "eps_decay": 0.6146407340271168}, "datetime": {"datetime": "2020-08-18 11:18:58", "elapsed": 1474.823736, "delta": 28.281689}}
{"target": 8.76, "params": {"alpha": 0.1398171951478895, "eps": 0.8644961975279195, "eps_decay": 0.5597882334197846}, "datetime": {"datetime": "2020-08-18 11:19:25", "elapsed": 1501.832144, "delta": 27.008408}}
{"target": 8.9, "params": {"alpha": 0.14257998085082702, "eps": 0.6070574328316265, "eps_decay": 0.660383961362983}, "datetime": {"datetime": "2020-08-18 11:19:49", "elapsed": 1525.884001, "delta": 24.051857}}
{"target": 8.9, "params": {"alpha": 0.17954618575923956, "eps": 0.9921672058544626, "eps_decay": 0.5304184845335727}, "datetime": {"datetime": "2020-08-18 11:20:13", "elapsed": 1549.250349, "delta": 23.366348}}
{"target": 8.93, "params": {"alpha": 0.1310519296836043, "eps": 0.6867147579838898, "eps_decay": 0.7800508916977078}, "datetime": {"datetime": "2020-08-18 11:20:37", "elapsed": 1573.832511, "delta": 24.582162}}
{"target": 8.93, "params": {"alpha": 0.1137778897867777, "eps": 0.7190514903183636, "eps_decay": 0.7292811174310981}, "datetime": {"datetime": "2020-08-18 11:21:02", "elapsed": 1598.798513, "delta": 24.966002}}
{"target": 8.74, "params": {"alpha": 0.1346545737421524, "eps": 0.5123689616218857, "eps_decay": 0.8311524171519744}, "datetime": {"datetime": "2020-08-18 11:21:26", "elapsed": 1622.928035, "delta": 24.129522}}
{"target": 8.78, "params": {"alpha": 0.11871292454546228, "eps": 0.9587889410365135, "eps_decay": 0.8330490532081313}, "datetime": {"datetime": "2020-08-18 11:21:51", "elapsed": 1647.898469, "delta": 24.970434}}
{"target": 8.81, "params": {"alpha": 0.15405052833354713, "eps": 0.6354862894468207, "eps_decay": 0.6246986622410213}, "datetime": {"datetime": "2020-08-18 11:22:15", "elapsed": 1671.755944, "delta": 23.857475}}
{"target": 8.81, "params": {"alpha": 0.1856239064101516, "eps": 0.9655155387915699, "eps_decay": 0.7641423432362174}, "datetime": {"datetime": "2020-08-18 11:22:38", "elapsed": 1694.981945, "delta": 23.226001}}
{"target": 8.82, "params": {"alpha": 0.18254623621245547, "eps": 0.8278327770913176, "eps_decay": 0.805406838300514}, "datetime": {"datetime": "2020-08-18 11:23:02", "elapsed": 1718.403208, "delta": 23.421263}}
{"target": 8.65, "params": {"alpha": 0.16623290864953513, "eps": 0.8500794196939367, "eps_decay": 0.8850385660202142}, "datetime": {"datetime": "2020-08-18 11:23:25", "elapsed": 1741.825038, "delta": 23.42183}}
{"target": 9.04, "params": {"alpha": 0.18425206367040972, "eps": 0.7136112500374261, "eps_decay": 0.8425025819773411}, "datetime": {"datetime": "2020-08-18 11:23:49", "elapsed": 1765.108427, "delta": 23.283389}}
{"target": 9.08, "params": {"alpha": 0.17618812810303153, "eps": 0.7428330072309788, "eps_decay": 0.7046262442909615}, "datetime": {"datetime": "2020-08-18 11:24:12", "elapsed": 1788.521279, "delta": 23.412852}}
{"target": 8.69, "params": {"alpha": 0.1139080375041109, "eps": 0.9022205239942471, "eps_decay": 0.5296259927871034}, "datetime": {"datetime": "2020-08-18 11:24:37", "elapsed": 1813.941306, "delta": 25.420027}}
{"target": 8.74, "params": {"alpha": 0.1342310328803198, "eps": 0.5956652937063003, "eps_decay": 0.6075460187261165}, "datetime": {"datetime": "2020-08-18 11:25:02", "elapsed": 1838.257699, "delta": 24.316393}}
{"target": 8.78, "params": {"alpha": 0.10993577117286789, "eps": 0.813541088693573, "eps_decay": 0.7227215186614435}, "datetime": {"datetime": "2020-08-18 11:25:27", "elapsed": 1863.192952, "delta": 24.935253}}
{"target": 8.8, "params": {"alpha": 0.1756313737531166, "eps": 0.9937108330531376, "eps_decay": 0.7508683208741463}, "datetime": {"datetime": "2020-08-18 11:25:50", "elapsed": 1886.454821, "delta": 23.261869}}
{"target": 8.82, "params": {"alpha": 0.19469548928093783, "eps": 0.8137119530782659, "eps_decay": 0.6373587491103663}, "datetime": {"datetime": "2020-08-18 11:26:13", "elapsed": 1909.549155, "delta": 23.094334}}
{"target": 8.7, "params": {"alpha": 0.12954185095848209, "eps": 0.516186764822656, "eps_decay": 0.8773979015972362}, "datetime": {"datetime": "2020-08-18 11:26:38", "elapsed": 1934.335269, "delta": 24.786114}}
{"target": 8.71, "params": {"alpha": 0.14534760083298795, "eps": 0.6125615797562523, "eps_decay": 0.6039936317462019}, "datetime": {"datetime": "2020-08-18 11:27:10", "elapsed": 1966.631282, "delta": 32.296013}}
{"target": 8.9, "params": {"alpha": 0.16470730505010367, "eps": 0.7999372946395704, "eps_decay": 0.8905974932388272}, "datetime": {"datetime": "2020-08-18 11:27:41", "elapsed": 1997.617716, "delta": 30.986434}}
{"target": 8.76, "params": {"alpha": 0.13720242447810188, "eps": 0.5439273488152663, "eps_decay": 0.887180553234558}, "datetime": {"datetime": "2020-08-18 11:28:13", "elapsed": 2029.827618, "delta": 32.209902}}
{"target": 8.86, "params": {"alpha": 0.15995898882975068, "eps": 0.5108126465009022, "eps_decay": 0.8931177166370079}, "datetime": {"datetime": "2020-08-18 11:28:37", "elapsed": 2053.807225, "delta": 23.979607}}
{"target": 8.63, "params": {"alpha": 0.13338476714463635, "eps": 0.5925912382823907, "eps_decay": 0.5954270994206219}, "datetime": {"datetime": "2020-08-18 11:29:02", "elapsed": 2078.377163, "delta": 24.569938}}
{"target": 8.72, "params": {"alpha": 0.11626194458351806, "eps": 0.86289897936248, "eps_decay": 0.7050791651491454}, "datetime": {"datetime": "2020-08-18 11:29:27", "elapsed": 2103.393051, "delta": 25.015888}}
{"target": 8.79, "params": {"alpha": 0.19128738115661587, "eps": 0.7572774320072138, "eps_decay": 0.7540258000485894}, "datetime": {"datetime": "2020-08-18 11:29:56", "elapsed": 2132.601036, "delta": 29.207985}}
{"target": 8.77, "params": {"alpha": 0.1444442505092068, "eps": 0.8680424012901065, "eps_decay": 0.8016999306720588}, "datetime": {"datetime": "2020-08-18 11:30:20", "elapsed": 2156.999767, "delta": 24.398731}}
{"target": 8.88, "params": {"alpha": 0.107972886088683, "eps": 0.5976594044842938, "eps_decay": 0.7138272650861187}, "datetime": {"datetime": "2020-08-18 11:30:46", "elapsed": 2182.498944, "delta": 25.499177}}
{"target": 8.67, "params": {"alpha": 0.18021931483019576, "eps": 0.5708027331717432, "eps_decay": 0.7289897530924138}, "datetime": {"datetime": "2020-08-18 11:31:11", "elapsed": 2207.261994, "delta": 24.76305}}
{"target": 8.75, "params": {"alpha": 0.19053476975397218, "eps": 0.5160650355999807, "eps_decay": 0.8973908735231654}, "datetime": {"datetime": "2020-08-18 11:31:36", "elapsed": 2233.01343, "delta": 25.751436}}
{"target": 8.66, "params": {"alpha": 0.14326793992211675, "eps": 0.9052449303101291, "eps_decay": 0.6159851980376305}, "datetime": {"datetime": "2020-08-18 11:32:03", "elapsed": 2259.620524, "delta": 26.607094}}
{"target": 8.84, "params": {"alpha": 0.15446675286805292, "eps": 0.9666911352487693, "eps_decay": 0.5199450648967894}, "datetime": {"datetime": "2020-08-18 11:32:34", "elapsed": 2290.64081, "delta": 31.020286}}
{"target": 8.85, "params": {"alpha": 0.1442534339875873, "eps": 0.8873215672334497, "eps_decay": 0.5964525756983888}, "datetime": {"datetime": "2020-08-18 11:33:02", "elapsed": 2318.720518, "delta": 28.079708}}
{"target": 8.83, "params": {"alpha": 0.10345496632419501, "eps": 0.7058598336660105, "eps_decay": 0.7786863626050462}, "datetime": {"datetime": "2020-08-18 11:33:31", "elapsed": 2348.092423, "delta": 29.371905}}
{"target": 8.88, "params": {"alpha": 0.17833745009812055, "eps": 0.9479184170476025, "eps_decay": 0.6364092717866268}, "datetime": {"datetime": "2020-08-18 11:33:58", "elapsed": 2374.577498, "delta": 26.485075}}
{"target": 8.79, "params": {"alpha": 0.12358055559032889, "eps": 0.714798685847371, "eps_decay": 0.7091867134041074}, "datetime": {"datetime": "2020-08-18 11:34:26", "elapsed": 2402.660049, "delta": 28.082551}}
{"target": 8.63, "params": {"alpha": 0.18815235846359163, "eps": 0.6056725327384197, "eps_decay": 0.7766681084633845}, "datetime": {"datetime": "2020-08-18 11:34:53", "elapsed": 2429.198019, "delta": 26.53797}}
{"target": 8.93, "params": {"alpha": 0.13666178571097054, "eps": 0.5752084311042356, "eps_decay": 0.7735257374253137}, "datetime": {"datetime": "2020-08-18 11:35:20", "elapsed": 2456.438696, "delta": 27.240677}}
{"target": 8.72, "params": {"alpha": 0.18602786467835314, "eps": 0.8317873591544797, "eps_decay": 0.5064616875543634}, "datetime": {"datetime": "2020-08-18 11:35:45", "elapsed": 2481.18685, "delta": 24.748154}}
{"target": 8.89, "params": {"alpha": 0.19085696076940806, "eps": 0.7003490529017187, "eps_decay": 0.7631371306689203}, "datetime": {"datetime": "2020-08-18 11:36:09", "elapsed": 2505.952712, "delta": 24.765862}}
{"target": 8.91, "params": {"alpha": 0.12487399836475004, "eps": 0.5572975819215067, "eps_decay": 0.6335808455437701}, "datetime": {"datetime": "2020-08-18 11:36:35", "elapsed": 2531.499175, "delta": 25.546463}}
{"target": 8.75, "params": {"alpha": 0.17667548304729858, "eps": 0.7628492981174073, "eps_decay": 0.7177331641899698}, "datetime": {"datetime": "2020-08-18 11:36:59", "elapsed": 2555.96538, "delta": 24.466205}}
{"target": 8.98, "params": {"alpha": 0.1922858165657739, "eps": 0.7442652535225844, "eps_decay": 0.6883734111441713}, "datetime": {"datetime": "2020-08-18 11:37:25", "elapsed": 2581.462808, "delta": 25.497428}}
{"target": 8.7, "params": {"alpha": 0.13720314179435833, "eps": 0.8483401293624853, "eps_decay": 0.5703890777829438}, "datetime": {"datetime": "2020-08-18 11:38:01", "elapsed": 2617.699492, "delta": 36.236684}}
{"target": 8.74, "params": {"alpha": 0.134442569029181, "eps": 0.5968558364916629, "eps_decay": 0.722576212980132}, "datetime": {"datetime": "2020-08-18 11:38:35", "elapsed": 2651.852926, "delta": 34.153434}}
