{"target": 8.81, "params": {"alpha": 0.12608304052238345, "eps": 0.5005091332437872, "eps_decay": 0.5833932225057403}, "datetime": {"datetime": "2020-08-18 11:39:06", "elapsed": 2682.255398, "delta": 30.402472}}
{"target": 8.88, "params": {"alpha": 0.1243602749264949, "eps": 0.8580354657347475, "eps_decay": 0.7744933560437753}, "datetime": {"datetime": "2020-08-18 11:39:35", "elapsed": 2712.056202, "delta": 29.800804}}
{"target": 8.75, "params": {"alpha": 0.18522201976344024, "eps": 0.9840502904359377, "eps_decay": 0.855068016103427}, "datetime": {"datetime": "2020-08-18 11:40:05", "elapsed": 2741.436736, "delta": 29.380534}}
{"target": 8.83, "params": {"alpha": 0.1856541802926283, "eps": 0.5465472024634563, "eps_decay": 0.6108428441058342}, "datetime": {"datetime": "2020-08-18 11:40:35", "elapsed": 2771.61519, "delta": 30.178454}}
{"target": 8.71, "params": {"alpha": 0.15114155923552564, "eps": 0.810388160323348, "eps_decay": 0.5004960969938586}, "datetime": {"datetime": "2020-08-18 11:41:05", "elapsed": 2801.216164, "delta": 29.600974}}
{"target": 8.86, "params": {"alpha": 0.11536014132725642, "eps": 0.7532963468278868, "eps_decay": 0.8312281920535094}, "datetime": {"datetime": "2020-08-18 11:41:34", "elapsed": 2830.56621, "delta": 29.350046}}
{"target": 8.86, "params": {"alpha": 0.13106544110655896, "eps": 0.7098707956632021, "eps_decay": 0.5987606823933493}, "datetime": {"datetime": "2020-08-18 11:42:02", "elapsed": 2858.76965, "delta": 28.20344}}
